d:\cpp projects\classes_and_inheritance\hw_classes_and_inheritance\part2\debug\vc142.pdb
d:\cpp projects\classes_and_inheritance\hw_classes_and_inheritance\part2\debug\vc142.idb
d:\cpp projects\classes_and_inheritance\hw_classes_and_inheritance\part2\debug\outofrangeexception.obj
d:\cpp projects\classes_and_inheritance\hw_classes_and_inheritance\part2\debug\hex.obj
d:\cpp projects\classes_and_inheritance\hw_classes_and_inheritance\part2\debug\array.obj
d:\cpp projects\classes_and_inheritance\hw_classes_and_inheritance\part2\debug\application.obj
d:\cpp projects\classes_and_inheritance\hw_classes_and_inheritance\part2\debug\octal.obj
d:\cpp projects\classes_and_inheritance\hw_classes_and_inheritance\part2\debug\main.obj
d:\cpp projects\classes_and_inheritance\hw_classes_and_inheritance\part2\debug\array.obj.enc
d:\cpp projects\classes_and_inheritance\hw_classes_and_inheritance\debug\part2.pdb
d:\cpp projects\classes_and_inheritance\hw_classes_and_inheritance\part2\debug\part2.tlog\cl.command.1.tlog
d:\cpp projects\classes_and_inheritance\hw_classes_and_inheritance\part2\debug\part2.tlog\cl.read.1.tlog
d:\cpp projects\classes_and_inheritance\hw_classes_and_inheritance\part2\debug\part2.tlog\cl.write.1.tlog
d:\cpp projects\classes_and_inheritance\hw_classes_and_inheritance\part2\debug\part2.tlog\link-cvtres.read.1.tlog
d:\cpp projects\classes_and_inheritance\hw_classes_and_inheritance\part2\debug\part2.tlog\link-cvtres.write.1.tlog
d:\cpp projects\classes_and_inheritance\hw_classes_and_inheritance\part2\debug\part2.tlog\link-rc.read.1.tlog
d:\cpp projects\classes_and_inheritance\hw_classes_and_inheritance\part2\debug\part2.tlog\link-rc.write.1.tlog
d:\cpp projects\classes_and_inheritance\hw_classes_and_inheritance\part2\debug\part2.tlog\link.25476-cvtres.read.1.tlog
d:\cpp projects\classes_and_inheritance\hw_classes_and_inheritance\part2\debug\part2.tlog\link.25476-cvtres.write.1.tlog
d:\cpp projects\classes_and_inheritance\hw_classes_and_inheritance\part2\debug\part2.tlog\link.25476-rc.read.1.tlog
d:\cpp projects\classes_and_inheritance\hw_classes_and_inheritance\part2\debug\part2.tlog\link.25476-rc.write.1.tlog
d:\cpp projects\classes_and_inheritance\hw_classes_and_inheritance\part2\debug\part2.tlog\link.25476.read.1.tlog
d:\cpp projects\classes_and_inheritance\hw_classes_and_inheritance\part2\debug\part2.tlog\link.25476.write.1.tlog
d:\cpp projects\classes_and_inheritance\hw_classes_and_inheritance\part2\debug\part2.tlog\link.command.1.tlog
d:\cpp projects\classes_and_inheritance\hw_classes_and_inheritance\part2\debug\part2.tlog\link.read.1.tlog
d:\cpp projects\classes_and_inheritance\hw_classes_and_inheritance\part2\debug\part2.tlog\link.write.1.tlog
